#
# There is insufficient memory for the Java Runtime Environment to continue.
# Native memory allocation (malloc) failed to allocate 1136816 bytes for Chunk::new
# Possible reasons:
#   The system is out of physical RAM or swap space
#   The process is running with CompressedOops enabled, and the Java Heap may be blocking the growth of the native heap
# Possible solutions:
#   Reduce memory load on the system
#   Increase physical memory or swap space
#   Check if swap backing store is full
#   Decrease Java heap size (-Xmx/-Xms)
#   Decrease number of Java threads
#   Decrease Java thread stack sizes (-Xss)
#   Set larger code cache with -XX:ReservedCodeCacheSize=
#   JVM is running with Unscaled Compressed Oops mode in which the Java heap is
#     placed in the first 4GB address space. The Java Heap base address is the
#     maximum limit for the native heap growth. Please use -XX:HeapBaseMinAddress
#     to set the Java Heap base and to place the Java Heap above 4GB virtual address.
# This output file may be truncated or incomplete.
#
#  Out of Memory Error (arena.cpp:189), pid=1188, tid=8756
#
# JRE version: OpenJDK Runtime Environment (17.0.6) (build 17.0.6+0-b2043.56-10027231)
# Java VM: OpenJDK 64-Bit Server VM (17.0.6+0-b2043.56-10027231, mixed mode, tiered, compressed oops, compressed class ptrs, g1 gc, windows-amd64)
# No core dump will be written. Minidumps are not enabled by default on client versions of Windows
#

---------------  S U M M A R Y ------------

Command Line: --add-opens=java.base/java.util=ALL-UNNAMED --add-opens=java.base/java.lang=ALL-UNNAMED --add-opens=java.base/java.lang.invoke=ALL-UNNAMED --add-opens=java.prefs/java.util.prefs=ALL-UNNAMED --add-opens=java.base/java.nio.charset=ALL-UNNAMED --add-opens=java.base/java.net=ALL-UNNAMED --add-opens=java.base/java.util.concurrent.atomic=ALL-UNNAMED -Xmx2048m -Dfile.encoding=UTF-8 -Duser.country=US -Duser.language=en -Duser.variant org.gradle.launcher.daemon.bootstrap.GradleDaemon 8.0

Host: Intel(R) Core(TM) i5-6300U CPU @ 2.40GHz, 4 cores, 7G,  Windows 10 , 64 bit Build 19041 (10.0.19041.5438)
Time: Mon Mar 17 21:31:32 2025 SE Asia Standard Time elapsed time: 24.711634 seconds (0d 0h 0m 24s)

---------------  T H R E A D  ---------------

Current thread (0x00000212e9420140):  JavaThread "C2 CompilerThread0" daemon [_thread_in_native, id=8756, stack(0x000000f7aec00000,0x000000f7aed00000)]


Current CompileTask:
C2:  24711 4396   !   4       java.lang.ClassLoader::loadClass (121 bytes)

Stack: [0x000000f7aec00000,0x000000f7aed00000]
Native frames: (J=compiled Java code, j=interpreted, Vv=VM code, C=native code)
V  [jvm.dll+0x683c9a]
V  [jvm.dll+0x8427a4]
V  [jvm.dll+0x843f9e]
V  [jvm.dll+0x844603]
V  [jvm.dll+0x249b75]
V  [jvm.dll+0xabcac]
V  [jvm.dll+0xac27c]
V  [jvm.dll+0x2b0eef]
V  [jvm.dll+0x58a267]
V  [jvm.dll+0x2243b2]
V  [jvm.dll+0x22478f]
V  [jvm.dll+0x21e055]
V  [jvm.dll+0x21b51b]
V  [jvm.dll+0x1a4fdd]
V  [jvm.dll+0x22b098]
V  [jvm.dll+0x229159]
V  [jvm.dll+0x7f81ec]
V  [jvm.dll+0x7f274a]
V  [jvm.dll+0x682ad5]
C  [ucrtbase.dll+0x21bb2]
C  [KERNEL32.DLL+0x17374]
C  [ntdll.dll+0x4cc91]


---------------  P R O C E S S  ---------------

Threads class SMR info:
_java_thread_list=0x00000212eddd3520, length=40, elements={
0x00000212cf335dd0, 0x00000212e88f39e0, 0x00000212e88f6190, 0x00000212e940f450,
0x00000212e9411d20, 0x00000212e94125e0, 0x00000212e9413850, 0x00000212e9420140,
0x00000212e9422a70, 0x00000212e9423390, 0x00000212e9583840, 0x00000212e95ab8f0,
0x00000212ebb53040, 0x00000212eb8c89f0, 0x00000212eae63620, 0x00000212eb92d8d0,
0x00000212ea969f70, 0x00000212eb926080, 0x00000212eb926550, 0x00000212eb925210,
0x00000212eb926a20, 0x00000212eb9243a0, 0x00000212eb924870, 0x00000212eb923ed0,
0x00000212eb923060, 0x00000212eb9256e0, 0x00000212eb924d40, 0x00000212eb925bb0,
0x00000212eb923530, 0x00000212eb923a00, 0x00000212ed659750, 0x00000212ed65af60,
0x00000212ed65c770, 0x00000212ed65e450, 0x00000212ed659c20, 0x00000212ed65dab0,
0x00000212ed65d110, 0x00000212ed65df80, 0x00000212ed65cc40, 0x00000212ed65a0f0
}

Java Threads: ( => current thread )
  0x00000212cf335dd0 JavaThread "main" [_thread_blocked, id=1320, stack(0x000000f7adf00000,0x000000f7ae000000)]
  0x00000212e88f39e0 JavaThread "Reference Handler" daemon [_thread_blocked, id=9612, stack(0x000000f7ae600000,0x000000f7ae700000)]
  0x00000212e88f6190 JavaThread "Finalizer" daemon [_thread_blocked, id=7668, stack(0x000000f7ae700000,0x000000f7ae800000)]
  0x00000212e940f450 JavaThread "Signal Dispatcher" daemon [_thread_blocked, id=4564, stack(0x000000f7ae800000,0x000000f7ae900000)]
  0x00000212e9411d20 JavaThread "Attach Listener" daemon [_thread_blocked, id=5700, stack(0x000000f7ae900000,0x000000f7aea00000)]
  0x00000212e94125e0 JavaThread "Service Thread" daemon [_thread_blocked, id=10308, stack(0x000000f7aea00000,0x000000f7aeb00000)]
  0x00000212e9413850 JavaThread "Monitor Deflation Thread" daemon [_thread_blocked, id=3060, stack(0x000000f7aeb00000,0x000000f7aec00000)]
=>0x00000212e9420140 JavaThread "C2 CompilerThread0" daemon [_thread_in_native, id=8756, stack(0x000000f7aec00000,0x000000f7aed00000)]
  0x00000212e9422a70 JavaThread "C1 CompilerThread0" daemon [_thread_blocked, id=12328, stack(0x000000f7aed00000,0x000000f7aee00000)]
  0x00000212e9423390 JavaThread "Sweeper thread" daemon [_thread_blocked, id=11072, stack(0x000000f7aee00000,0x000000f7aef00000)]
  0x00000212e9583840 JavaThread "Common-Cleaner" daemon [_thread_blocked, id=3976, stack(0x000000f7aef00000,0x000000f7af000000)]
  0x00000212e95ab8f0 JavaThread "Notification Thread" daemon [_thread_blocked, id=12012, stack(0x000000f7af000000,0x000000f7af100000)]
  0x00000212ebb53040 JavaThread "Daemon health stats" [_thread_blocked, id=4144, stack(0x000000f7af500000,0x000000f7af600000)]
  0x00000212eb8c89f0 JavaThread "Incoming local TCP Connector on port 54256" [_thread_in_native, id=4484, stack(0x000000f7af600000,0x000000f7af700000)]
  0x00000212eae63620 JavaThread "Daemon periodic checks" [_thread_blocked, id=10976, stack(0x000000f7af700000,0x000000f7af800000)]
  0x00000212eb92d8d0 JavaThread "Daemon" [_thread_blocked, id=8448, stack(0x000000f7af800000,0x000000f7af900000)]
  0x00000212ea969f70 JavaThread "Handler for socket connection from /127.0.0.1:54256 to /127.0.0.1:54257" [_thread_in_native, id=10028, stack(0x000000f7af900000,0x000000f7afa00000)]
  0x00000212eb926080 JavaThread "Cancel handler" [_thread_blocked, id=2856, stack(0x000000f7afa00000,0x000000f7afb00000)]
  0x00000212eb926550 JavaThread "Daemon worker" [_thread_in_native, id=3116, stack(0x000000f7afb00000,0x000000f7afc00000)]
  0x00000212eb925210 JavaThread "Asynchronous log dispatcher for DefaultDaemonConnection: socket connection from /127.0.0.1:54256 to /127.0.0.1:54257" [_thread_blocked, id=5600, stack(0x000000f7afc00000,0x000000f7afd00000)]
  0x00000212eb926a20 JavaThread "Stdin handler" [_thread_blocked, id=5160, stack(0x000000f7afd00000,0x000000f7afe00000)]
  0x00000212eb9243a0 JavaThread "Daemon client event forwarder" [_thread_blocked, id=6388, stack(0x000000f7afe00000,0x000000f7aff00000)]
  0x00000212eb924870 JavaThread "Cache worker for journal cache (C:\Users\Hendra\.gradle\caches\journal-1)" [_thread_blocked, id=5216, stack(0x000000f7aff00000,0x000000f7b0000000)]
  0x00000212eb923ed0 JavaThread "File lock request listener" [_thread_in_native, id=4852, stack(0x000000f7b0000000,0x000000f7b0100000)]
  0x00000212eb923060 JavaThread "Cache worker for file hash cache (C:\Users\Hendra\.gradle\caches\8.0\fileHashes)" [_thread_blocked, id=5472, stack(0x000000f7b0100000,0x000000f7b0200000)]
  0x00000212eb9256e0 JavaThread "File watcher server" daemon [_thread_in_native, id=3904, stack(0x000000f7b0200000,0x000000f7b0300000)]
  0x00000212eb924d40 JavaThread "File watcher consumer" daemon [_thread_blocked, id=9176, stack(0x000000f7b0300000,0x000000f7b0400000)]
  0x00000212eb925bb0 JavaThread "Cache worker for checksums cache (C:\Users\Hendra\AndroidStudioProjects\jumat_berkah\.gradle\8.0\checksums)" [_thread_blocked, id=5392, stack(0x000000f7b0400000,0x000000f7b0500000)]
  0x00000212eb923530 JavaThread "Cache worker for cache directory md-rule (C:\Users\Hendra\.gradle\caches\8.0\md-rule)" [_thread_blocked, id=1548, stack(0x000000f7b0500000,0x000000f7b0600000)]
  0x00000212eb923a00 JavaThread "Cache worker for file content cache (C:\Users\Hendra\.gradle\caches\8.0\fileContent)" [_thread_blocked, id=7372, stack(0x000000f7b0600000,0x000000f7b0700000)]
  0x00000212ed659750 JavaThread "Cache worker for file hash cache (C:\Users\Hendra\AndroidStudioProjects\jumat_berkah\.gradle\8.0\fileHashes)" [_thread_blocked, id=7140, stack(0x000000f7b0700000,0x000000f7b0800000)]
  0x00000212ed65af60 JavaThread "Cache worker for cache directory md-supplier (C:\Users\Hendra\.gradle\caches\8.0\md-supplier)" [_thread_blocked, id=6124, stack(0x000000f7b0800000,0x000000f7b0900000)]
  0x00000212ed65c770 JavaThread "Cache worker for execution history cache (C:\Users\Hendra\.gradle\caches\8.0\executionHistory)" [_thread_blocked, id=9304, stack(0x000000f7b0900000,0x000000f7b0a00000)]
  0x00000212ed65e450 JavaThread "jar transforms" [_thread_blocked, id=7748, stack(0x000000f7b0a00000,0x000000f7b0b00000)]
  0x00000212ed659c20 JavaThread "jar transforms Thread 2" [_thread_blocked, id=6612, stack(0x000000f7b0b00000,0x000000f7b0c00000)]
  0x00000212ed65dab0 JavaThread "Cache worker for kotlin-dsl (C:\Users\Hendra\.gradle\caches\8.0\kotlin-dsl)" [_thread_blocked, id=5288, stack(0x000000f7b0d00000,0x000000f7b0e00000)]
  0x00000212ed65d110 JavaThread "jar transforms Thread 3" [_thread_blocked, id=13288, stack(0x000000f7b0f00000,0x000000f7b1000000)]
  0x00000212ed65df80 JavaThread "jar transforms Thread 4" [_thread_blocked, id=4788, stack(0x000000f7b0e00000,0x000000f7b0f00000)]
  0x00000212ed65cc40 JavaThread "Cache worker for dependencies-accessors (C:\Users\Hendra\AndroidStudioProjects\jumat_berkah\.gradle\8.0\dependencies-accessors)" [_thread_blocked, id=1460, stack(0x000000f7b1000000,0x000000f7b1100000)]
  0x00000212ed65a0f0 JavaThread "Cache worker for Build Output Cleanup Cache (C:\Users\Hendra\AndroidStudioProjects\jumat_berkah\.gradle\buildOutputCleanup)" [_thread_blocked, id=10144, stack(0x000000f7b1100000,0x000000f7b1200000)]

Other Threads:
  0x00000212e8898bb0 VMThread "VM Thread" [stack: 0x000000f7ae500000,0x000000f7ae600000] [id=6868]
  0x00000212e95abdc0 WatcherThread [stack: 0x000000f7af100000,0x000000f7af200000] [id=10008]
  0x00000212cf391b70 GCTaskThread "GC Thread#0" [stack: 0x000000f7ae000000,0x000000f7ae100000] [id=1952]
  0x00000212e990edc0 GCTaskThread "GC Thread#1" [stack: 0x000000f7af200000,0x000000f7af300000] [id=7800]
  0x00000212e9d1ca10 GCTaskThread "GC Thread#2" [stack: 0x000000f7af300000,0x000000f7af400000] [id=8600]
  0x00000212e99f2a20 GCTaskThread "GC Thread#3" [stack: 0x000000f7af400000,0x000000f7af500000] [id=7680]
  0x00000212cf3a29c0 ConcurrentGCThread "G1 Main Marker" [stack: 0x000000f7ae100000,0x000000f7ae200000] [id=11360]
  0x00000212cf3a3a80 ConcurrentGCThread "G1 Conc#0" [stack: 0x000000f7ae200000,0x000000f7ae300000] [id=5840]
  0x00000212e8740090 ConcurrentGCThread "G1 Refine#0" [stack: 0x000000f7ae300000,0x000000f7ae400000] [id=7316]
  0x00000212eb815750 ConcurrentGCThread "G1 Refine#1" [stack: 0x000000f7b0c00000,0x000000f7b0d00000] [id=1372]
  0x00000212e87419d0 ConcurrentGCThread "G1 Service" [stack: 0x000000f7ae400000,0x000000f7ae500000] [id=9352]

Threads with active compile tasks:
C2 CompilerThread0    24801 4396   !   4       java.lang.ClassLoader::loadClass (121 bytes)

VM state: not at safepoint (normal execution)

VM Mutex/Monitor currently owned by a thread: None

Heap address: 0x0000000080000000, size: 2048 MB, Compressed Oops mode: 32-bit

CDS archive(s) not mapped
Compressed class space mapped at: 0x0000000100000000-0x0000000140000000, reserved size: 1073741824
Narrow klass base: 0x0000000000000000, Narrow klass shift: 3, Narrow klass range: 0x140000000

GC Precious Log:
 CPUs: 4 total, 4 available
 Memory: 7794M
 Large Page Support: Disabled
 NUMA Support: Disabled
 Compressed Oops: Enabled (32-bit)
 Heap Region Size: 1M
 Heap Min Capacity: 8M
 Heap Initial Capacity: 122M
 Heap Max Capacity: 2G
 Pre-touch: Disabled
 Parallel Workers: 4
 Concurrent Workers: 1
 Concurrent Refinement Workers: 4
 Periodic GC: Disabled

Heap:
 garbage-first heap   total 82944K, used 54532K [0x0000000080000000, 0x0000000100000000)
  region size 1024K, 28 young (28672K), 5 survivors (5120K)
 Metaspace       used 51732K, committed 52160K, reserved 1097728K
  class space    used 6919K, committed 7104K, reserved 1048576K

Heap Regions: E=young(eden), S=young(survivor), O=old, HS=humongous(starts), HC=humongous(continues), CS=collection set, F=free, OA=open archive, CA=closed archive, TAMS=top-at-mark-start (previous, next)
|   0|0x0000000080000000, 0x0000000080100000, 0x0000000080100000|100%| O|  |TAMS 0x0000000080100000, 0x0000000080000000| Untracked 
|   1|0x0000000080100000, 0x0000000080200000, 0x0000000080200000|100%| O|  |TAMS 0x0000000080200000, 0x0000000080100000| Untracked 
|   2|0x0000000080200000, 0x0000000080300000, 0x0000000080300000|100%|HS|  |TAMS 0x0000000080300000, 0x0000000080200000| Complete 
|   3|0x0000000080300000, 0x0000000080400000, 0x0000000080400000|100%|HC|  |TAMS 0x0000000080400000, 0x0000000080300000| Complete 
|   4|0x0000000080400000, 0x0000000080500000, 0x0000000080500000|100%|HC|  |TAMS 0x0000000080500000, 0x0000000080400000| Complete 
|   5|0x0000000080500000, 0x0000000080600000, 0x0000000080600000|100%|HC|  |TAMS 0x0000000080600000, 0x0000000080500000| Complete 
|   6|0x0000000080600000, 0x0000000080700000, 0x0000000080700000|100%| O|  |TAMS 0x0000000080700000, 0x0000000080600000| Untracked 
|   7|0x0000000080700000, 0x0000000080800000, 0x0000000080800000|100%| O|  |TAMS 0x0000000080800000, 0x0000000080700000| Untracked 
|   8|0x0000000080800000, 0x0000000080900000, 0x0000000080900000|100%| O|  |TAMS 0x0000000080900000, 0x0000000080800000| Untracked 
|   9|0x0000000080900000, 0x0000000080a00000, 0x0000000080a00000|100%| O|  |TAMS 0x0000000080a00000, 0x0000000080900000| Untracked 
|  10|0x0000000080a00000, 0x0000000080b00000, 0x0000000080b00000|100%| O|  |TAMS 0x0000000080b00000, 0x0000000080a00000| Untracked 
|  11|0x0000000080b00000, 0x0000000080b5b600, 0x0000000080c00000| 35%| O|  |TAMS 0x0000000080b5b600, 0x0000000080b00000| Untracked 
|  12|0x0000000080c00000, 0x0000000080d00000, 0x0000000080d00000|100%| O|  |TAMS 0x0000000080d00000, 0x0000000080c00000| Untracked 
|  13|0x0000000080d00000, 0x0000000080e00000, 0x0000000080e00000|100%| O|  |TAMS 0x0000000080e00000, 0x0000000080d00000| Untracked 
|  14|0x0000000080e00000, 0x0000000080f00000, 0x0000000080f00000|100%| O|  |TAMS 0x0000000080f00000, 0x0000000080e00000| Untracked 
|  15|0x0000000080f00000, 0x0000000081000000, 0x0000000081000000|100%| O|  |TAMS 0x0000000081000000, 0x0000000080f00000| Untracked 
|  16|0x0000000081000000, 0x0000000081100000, 0x0000000081100000|100%| O|  |TAMS 0x0000000081100000, 0x0000000081000000| Untracked 
|  17|0x0000000081100000, 0x0000000081200000, 0x0000000081200000|100%| O|  |TAMS 0x0000000081200000, 0x0000000081100000| Untracked 
|  18|0x0000000081200000, 0x0000000081300000, 0x0000000081300000|100%| O|  |TAMS 0x0000000081300000, 0x0000000081200000| Untracked 
|  19|0x0000000081300000, 0x0000000081400000, 0x0000000081400000|100%| O|  |TAMS 0x0000000081400000, 0x0000000081300000| Untracked 
|  20|0x0000000081400000, 0x0000000081500000, 0x0000000081500000|100%| O|  |TAMS 0x0000000081446c00, 0x0000000081400000| Untracked 
|  21|0x0000000081500000, 0x0000000081600000, 0x0000000081600000|100%| O|  |TAMS 0x0000000081500000, 0x0000000081500000| Untracked 
|  22|0x0000000081600000, 0x0000000081700000, 0x0000000081700000|100%| O|  |TAMS 0x0000000081600000, 0x0000000081600000| Untracked 
|  23|0x0000000081700000, 0x0000000081700000, 0x0000000081800000|  0%| F|  |TAMS 0x0000000081700000, 0x0000000081700000| Untracked 
|  24|0x0000000081800000, 0x0000000081800000, 0x0000000081900000|  0%| F|  |TAMS 0x0000000081800000, 0x0000000081800000| Untracked 
|  25|0x0000000081900000, 0x0000000081900000, 0x0000000081a00000|  0%| F|  |TAMS 0x0000000081900000, 0x0000000081900000| Untracked 
|  26|0x0000000081a00000, 0x0000000081a00000, 0x0000000081b00000|  0%| F|  |TAMS 0x0000000081a00000, 0x0000000081a00000| Untracked 
|  27|0x0000000081b00000, 0x0000000081c00000, 0x0000000081c00000|100%| O|  |TAMS 0x0000000081b00000, 0x0000000081b00000| Untracked 
|  28|0x0000000081c00000, 0x0000000081d00000, 0x0000000081d00000|100%| O|  |TAMS 0x0000000081c00000, 0x0000000081c00000| Untracked 
|  29|0x0000000081d00000, 0x0000000081e00000, 0x0000000081e00000|100%| O|  |TAMS 0x0000000081d00000, 0x0000000081d00000| Untracked 
|  30|0x0000000081e00000, 0x0000000081f00000, 0x0000000081f00000|100%| O|  |TAMS 0x0000000081e00000, 0x0000000081e00000| Untracked 
|  31|0x0000000081f00000, 0x0000000081fc4e00, 0x0000000082000000| 76%| O|  |TAMS 0x0000000081f00000, 0x0000000081f00000| Untracked 
|  32|0x0000000082000000, 0x0000000082000000, 0x0000000082100000|  0%| F|  |TAMS 0x0000000082000000, 0x0000000082000000| Untracked 
|  33|0x0000000082100000, 0x0000000082100000, 0x0000000082200000|  0%| F|  |TAMS 0x0000000082100000, 0x0000000082100000| Untracked 
|  34|0x0000000082200000, 0x0000000082200000, 0x0000000082300000|  0%| F|  |TAMS 0x0000000082200000, 0x0000000082200000| Untracked 
|  35|0x0000000082300000, 0x0000000082300000, 0x0000000082400000|  0%| F|  |TAMS 0x0000000082300000, 0x0000000082300000| Untracked 
|  36|0x0000000082400000, 0x0000000082400000, 0x0000000082500000|  0%| F|  |TAMS 0x0000000082400000, 0x0000000082400000| Untracked 
|  37|0x0000000082500000, 0x0000000082500000, 0x0000000082600000|  0%| F|  |TAMS 0x0000000082500000, 0x0000000082500000| Untracked 
|  38|0x0000000082600000, 0x0000000082600000, 0x0000000082700000|  0%| F|  |TAMS 0x0000000082600000, 0x0000000082600000| Untracked 
|  39|0x0000000082700000, 0x0000000082700000, 0x0000000082800000|  0%| F|  |TAMS 0x0000000082700000, 0x0000000082700000| Untracked 
|  40|0x0000000082800000, 0x0000000082800000, 0x0000000082900000|  0%| F|  |TAMS 0x0000000082800000, 0x0000000082800000| Untracked 
|  41|0x0000000082900000, 0x0000000082900000, 0x0000000082a00000|  0%| F|  |TAMS 0x0000000082900000, 0x0000000082900000| Untracked 
|  42|0x0000000082a00000, 0x0000000082a00000, 0x0000000082b00000|  0%| F|  |TAMS 0x0000000082a00000, 0x0000000082a00000| Untracked 
|  43|0x0000000082b00000, 0x0000000082b20e50, 0x0000000082c00000| 12%| S|CS|TAMS 0x0000000082b00000, 0x0000000082b00000| Complete 
|  44|0x0000000082c00000, 0x0000000082d00000, 0x0000000082d00000|100%| S|CS|TAMS 0x0000000082c00000, 0x0000000082c00000| Complete 
|  45|0x0000000082d00000, 0x0000000082e00000, 0x0000000082e00000|100%| S|CS|TAMS 0x0000000082d00000, 0x0000000082d00000| Complete 
|  46|0x0000000082e00000, 0x0000000082f00000, 0x0000000082f00000|100%| S|CS|TAMS 0x0000000082e00000, 0x0000000082e00000| Complete 
|  47|0x0000000082f00000, 0x0000000082f00000, 0x0000000083000000|  0%| F|  |TAMS 0x0000000082f00000, 0x0000000082f00000| Untracked 
|  48|0x0000000083000000, 0x0000000083000000, 0x0000000083100000|  0%| F|  |TAMS 0x0000000083000000, 0x0000000083000000| Untracked 
|  49|0x0000000083100000, 0x0000000083100000, 0x0000000083200000|  0%| F|  |TAMS 0x0000000083100000, 0x0000000083100000| Untracked 
|  50|0x0000000083200000, 0x0000000083300000, 0x0000000083300000|100%| S|CS|TAMS 0x0000000083200000, 0x0000000083200000| Complete 
|  51|0x0000000083300000, 0x0000000083300000, 0x0000000083400000|  0%| F|  |TAMS 0x0000000083300000, 0x0000000083300000| Untracked 
|  52|0x0000000083400000, 0x0000000083400000, 0x0000000083500000|  0%| F|  |TAMS 0x0000000083400000, 0x0000000083400000| Untracked 
|  53|0x0000000083500000, 0x0000000083500000, 0x0000000083600000|  0%| F|  |TAMS 0x0000000083500000, 0x0000000083500000| Untracked 
|  54|0x0000000083600000, 0x0000000083600000, 0x0000000083700000|  0%| F|  |TAMS 0x0000000083600000, 0x0000000083600000| Untracked 
|  55|0x0000000083700000, 0x0000000083700000, 0x0000000083800000|  0%| F|  |TAMS 0x0000000083700000, 0x0000000083700000| Untracked 
|  56|0x0000000083800000, 0x0000000083800000, 0x0000000083900000|  0%| F|  |TAMS 0x0000000083800000, 0x0000000083800000| Untracked 
|  57|0x0000000083900000, 0x0000000083900000, 0x0000000083a00000|  0%| F|  |TAMS 0x0000000083900000, 0x0000000083900000| Untracked 
|  58|0x0000000083a00000, 0x0000000083b00000, 0x0000000083b00000|100%| E|  |TAMS 0x0000000083a00000, 0x0000000083a00000| Complete 
|  59|0x0000000083b00000, 0x0000000083c00000, 0x0000000083c00000|100%| E|CS|TAMS 0x0000000083b00000, 0x0000000083b00000| Complete 
|  60|0x0000000083c00000, 0x0000000083d00000, 0x0000000083d00000|100%| E|CS|TAMS 0x0000000083c00000, 0x0000000083c00000| Complete 
|  61|0x0000000083d00000, 0x0000000083e00000, 0x0000000083e00000|100%| E|CS|TAMS 0x0000000083d00000, 0x0000000083d00000| Complete 
|  62|0x0000000083e00000, 0x0000000083f00000, 0x0000000083f00000|100%| E|CS|TAMS 0x0000000083e00000, 0x0000000083e00000| Complete 
|  63|0x0000000083f00000, 0x0000000084000000, 0x0000000084000000|100%| E|CS|TAMS 0x0000000083f00000, 0x0000000083f00000| Complete 
|  64|0x0000000084000000, 0x0000000084100000, 0x0000000084100000|100%| E|CS|TAMS 0x0000000084000000, 0x0000000084000000| Complete 
|  65|0x0000000084100000, 0x0000000084200000, 0x0000000084200000|100%| E|CS|TAMS 0x0000000084100000, 0x0000000084100000| Complete 
|  66|0x0000000084200000, 0x0000000084300000, 0x0000000084300000|100%| E|CS|TAMS 0x0000000084200000, 0x0000000084200000| Complete 
|  67|0x0000000084300000, 0x0000000084400000, 0x0000000084400000|100%| E|CS|TAMS 0x0000000084300000, 0x0000000084300000| Complete 
|  68|0x0000000084400000, 0x0000000084500000, 0x0000000084500000|100%| E|CS|TAMS 0x0000000084400000, 0x0000000084400000| Complete 
|  69|0x0000000084500000, 0x0000000084600000, 0x0000000084600000|100%| E|CS|TAMS 0x0000000084500000, 0x0000000084500000| Complete 
|  70|0x0000000084600000, 0x0000000084700000, 0x0000000084700000|100%| E|CS|TAMS 0x0000000084600000, 0x0000000084600000| Complete 
|  71|0x0000000084700000, 0x0000000084800000, 0x0000000084800000|100%| E|CS|TAMS 0x0000000084700000, 0x0000000084700000| Complete 
|  72|0x0000000084800000, 0x0000000084900000, 0x0000000084900000|100%| E|CS|TAMS 0x0000000084800000, 0x0000000084800000| Complete 
|  73|0x0000000084900000, 0x0000000084a00000, 0x0000000084a00000|100%| E|CS|TAMS 0x0000000084900000, 0x0000000084900000| Complete 
|  74|0x0000000084a00000, 0x0000000084b00000, 0x0000000084b00000|100%| E|CS|TAMS 0x0000000084a00000, 0x0000000084a00000| Complete 
|  75|0x0000000084b00000, 0x0000000084c00000, 0x0000000084c00000|100%| E|CS|TAMS 0x0000000084b00000, 0x0000000084b00000| Complete 
|  76|0x0000000084c00000, 0x0000000084d00000, 0x0000000084d00000|100%| E|CS|TAMS 0x0000000084c00000, 0x0000000084c00000| Complete 
|  77|0x0000000084d00000, 0x0000000084e00000, 0x0000000084e00000|100%| E|CS|TAMS 0x0000000084d00000, 0x0000000084d00000| Complete 
|  78|0x0000000084e00000, 0x0000000084f00000, 0x0000000084f00000|100%| E|CS|TAMS 0x0000000084e00000, 0x0000000084e00000| Complete 
|  79|0x0000000084f00000, 0x0000000085000000, 0x0000000085000000|100%| E|CS|TAMS 0x0000000084f00000, 0x0000000084f00000| Complete 
| 121|0x0000000087900000, 0x0000000087a00000, 0x0000000087a00000|100%| E|CS|TAMS 0x0000000087900000, 0x0000000087900000| Complete 

Card table byte_map: [0x00000212e1c00000,0x00000212e2000000] _byte_map_base: 0x00000212e1800000

Marking Bits (Prev, Next): (CMBitMap*) 0x00000212cf392090, (CMBitMap*) 0x00000212cf3920d0
 Prev Bits: [0x00000212e2400000, 0x00000212e4400000)
 Next Bits: [0x00000212e4400000, 0x00000212e6400000)

Polling page: 0x00000212cd2b0000

Metaspace:

Usage:
  Non-class:     43.78 MB used.
      Class:      6.76 MB used.
       Both:     50.54 MB used.

Virtual space:
  Non-class space:       48.00 MB reserved,      44.00 MB ( 92%) committed,  6 nodes.
      Class space:        1.00 GB reserved,       6.94 MB ( <1%) committed,  1 nodes.
             Both:        1.05 GB reserved,      50.94 MB (  5%) committed. 

Chunk freelists:
   Non-Class:  3.81 MB
       Class:  1.00 MB
        Both:  4.81 MB

MaxMetaspaceSize: unlimited
CompressedClassSpaceSize: 1.00 GB
Initial GC threshold: 21.00 MB
Current GC threshold: 58.88 MB
CDS: off
MetaspaceReclaimPolicy: balanced
 - commit_granule_bytes: 65536.
 - commit_granule_words: 8192.
 - virtual_space_node_default_size: 1048576.
 - enlarge_chunks_in_place: 1.
 - new_chunks_are_fully_committed: 0.
 - uncommit_free_chunks: 1.
 - use_allocation_guard: 0.
 - handle_deallocations: 1.


Internal statistics:

num_allocs_failed_limit: 6.
num_arena_births: 542.
num_arena_deaths: 0.
num_vsnodes_births: 7.
num_vsnodes_deaths: 0.
num_space_committed: 815.
num_space_uncommitted: 0.
num_chunks_returned_to_freelist: 6.
num_chunks_taken_from_freelist: 2143.
num_chunk_merges: 6.
num_chunk_splits: 1448.
num_chunks_enlarged: 1026.
num_purges: 0.
num_inconsistent_stats: 0.

CodeHeap 'non-profiled nmethods': size=120000Kb used=2385Kb max_used=2385Kb free=117614Kb
 bounds [0x00000212da2d0000, 0x00000212da540000, 0x00000212e1800000]
CodeHeap 'profiled nmethods': size=120000Kb used=9068Kb max_used=9068Kb free=110931Kb
 bounds [0x00000212d2800000, 0x00000212d30e0000, 0x00000212d9d30000]
CodeHeap 'non-nmethods': size=5760Kb used=2309Kb max_used=2363Kb free=3450Kb
 bounds [0x00000212d9d30000, 0x00000212d9fa0000, 0x00000212da2d0000]
 total_blobs=5182 nmethods=4357 adapters=737
 compilation: enabled
              stopped_count=0, restarted_count=0
 full_count=0

Compilation events (20 events):
Event: 24.257 Thread 0x00000212e9420140 nmethod 4373 0x00000212da523d10 code [0x00000212da523e80, 0x00000212da523f18]
Event: 24.258 Thread 0x00000212e9420140 4349       4       java.lang.invoke.MethodHandle::intrinsicName (4 bytes)
Event: 24.258 Thread 0x00000212e9420140 nmethod 4349 0x00000212da524010 code [0x00000212da524180, 0x00000212da5241f8]
Event: 24.287 Thread 0x00000212e9422a70 4392       3       java.lang.invoke.LambdaForm$DMH/0x0000000100271400::invokeStatic (31 bytes)
Event: 24.288 Thread 0x00000212e9422a70 nmethod 4392 0x00000212d30c3e90 code [0x00000212d30c4060, 0x00000212d30c44b8]
Event: 24.288 Thread 0x00000212e9422a70 4393       3       java.lang.invoke.AbstractValidatingLambdaMetafactory::validateMetafactoryArgs (607 bytes)
Event: 24.298 Thread 0x00000212e9422a70 nmethod 4393 0x00000212d30c4610 code [0x00000212d30c50c0, 0x00000212d30cc8e8]
Event: 24.298 Thread 0x00000212e9422a70 4395       3       java.lang.invoke.MethodHandles$Lookup::defineHiddenClass (69 bytes)
Event: 24.300 Thread 0x00000212e9422a70 nmethod 4395 0x00000212d30cf110 code [0x00000212d30cf400, 0x00000212d30d0198]
Event: 24.300 Thread 0x00000212e9422a70 4394   !   3       java.lang.invoke.InnerClassLambdaMetafactory::buildCallSite (201 bytes)
Event: 24.305 Thread 0x00000212e9422a70 nmethod 4394 0x00000212d30d0690 code [0x00000212d30d0b80, 0x00000212d30d3098]
Event: 24.432 Thread 0x00000212e9420140 4396   !   4       java.lang.ClassLoader::loadClass (121 bytes)
Event: 24.468 Thread 0x00000212e9422a70 4397       3       java.net.URI$Parser::scan (76 bytes)
Event: 24.469 Thread 0x00000212e9422a70 nmethod 4397 0x00000212d30d4090 code [0x00000212d30d42c0, 0x00000212d30d4b98]
Event: 24.549 Thread 0x00000212e9422a70 4398       3       java.lang.invoke.LambdaFormEditor::getInCache (165 bytes)
Event: 24.551 Thread 0x00000212e9422a70 nmethod 4398 0x00000212d30d4f90 code [0x00000212d30d5200, 0x00000212d30d6078]
Event: 24.586 Thread 0x00000212e9422a70 4399       3       com.google.common.collect.CollectPreconditions::checkNonnegative (48 bytes)
Event: 24.587 Thread 0x00000212e9422a70 nmethod 4399 0x00000212d30d6410 code [0x00000212d30d6680, 0x00000212d30d6f88]
Event: 24.681 Thread 0x00000212e9422a70 4404       3       java.util.regex.Pattern::range (294 bytes)
Event: 24.684 Thread 0x00000212e9422a70 nmethod 4404 0x00000212d30d7390 code [0x00000212d30d77c0, 0x00000212d30d9018]

GC Heap History (20 events):
Event: 1.719 GC heap before
{Heap before GC invocations=1 (full 0):
 garbage-first heap   total 124928K, used 22013K [0x0000000080000000, 0x0000000100000000)
  region size 1024K, 17 young (17408K), 2 survivors (2048K)
 Metaspace       used 11082K, committed 11264K, reserved 1064960K
  class space    used 1160K, committed 1280K, reserved 1048576K
}
Event: 1.727 GC heap after
{Heap after GC invocations=2 (full 0):
 garbage-first heap   total 124928K, used 10671K [0x0000000080000000, 0x0000000100000000)
  region size 1024K, 3 young (3072K), 3 survivors (3072K)
 Metaspace       used 11082K, committed 11264K, reserved 1064960K
  class space    used 1160K, committed 1280K, reserved 1048576K
}
Event: 2.365 GC heap before
{Heap before GC invocations=2 (full 0):
 garbage-first heap   total 124928K, used 33199K [0x0000000080000000, 0x0000000100000000)
  region size 1024K, 24 young (24576K), 3 survivors (3072K)
 Metaspace       used 11173K, committed 11392K, reserved 1064960K
  class space    used 1160K, committed 1280K, reserved 1048576K
}
Event: 2.373 GC heap after
{Heap after GC invocations=3 (full 0):
 garbage-first heap   total 124928K, used 12953K [0x0000000080000000, 0x0000000100000000)
  region size 1024K, 3 young (3072K), 3 survivors (3072K)
 Metaspace       used 11173K, committed 11392K, reserved 1064960K
  class space    used 1160K, committed 1280K, reserved 1048576K
}
Event: 4.759 GC heap before
{Heap before GC invocations=3 (full 0):
 garbage-first heap   total 124928K, used 52889K [0x0000000080000000, 0x0000000100000000)
  region size 1024K, 43 young (44032K), 3 survivors (3072K)
 Metaspace       used 21249K, committed 21504K, reserved 1073152K
  class space    used 2586K, committed 2752K, reserved 1048576K
}
Event: 4.775 GC heap after
{Heap after GC invocations=4 (full 0):
 garbage-first heap   total 124928K, used 18787K [0x0000000080000000, 0x0000000100000000)
  region size 1024K, 8 young (8192K), 8 survivors (8192K)
 Metaspace       used 21249K, committed 21504K, reserved 1073152K
  class space    used 2586K, committed 2752K, reserved 1048576K
}
Event: 6.067 GC heap before
{Heap before GC invocations=5 (full 0):
 garbage-first heap   total 68608K, used 50531K [0x0000000080000000, 0x0000000100000000)
  region size 1024K, 40 young (40960K), 8 survivors (8192K)
 Metaspace       used 26285K, committed 26560K, reserved 1073152K
  class space    used 3460K, committed 3584K, reserved 1048576K
}
Event: 6.086 GC heap after
{Heap after GC invocations=6 (full 0):
 garbage-first heap   total 68608K, used 20576K [0x0000000080000000, 0x0000000100000000)
  region size 1024K, 3 young (3072K), 3 survivors (3072K)
 Metaspace       used 26285K, committed 26560K, reserved 1073152K
  class space    used 3460K, committed 3584K, reserved 1048576K
}
Event: 7.251 GC heap before
{Heap before GC invocations=6 (full 0):
 garbage-first heap   total 68608K, used 46176K [0x0000000080000000, 0x0000000100000000)
  region size 1024K, 29 young (29696K), 3 survivors (3072K)
 Metaspace       used 30423K, committed 30720K, reserved 1081344K
  class space    used 4132K, committed 4288K, reserved 1048576K
}
Event: 7.264 GC heap after
{Heap after GC invocations=7 (full 0):
 garbage-first heap   total 68608K, used 21795K [0x0000000080000000, 0x0000000100000000)
  region size 1024K, 4 young (4096K), 4 survivors (4096K)
 Metaspace       used 30423K, committed 30720K, reserved 1081344K
  class space    used 4132K, committed 4288K, reserved 1048576K
}
Event: 8.775 GC heap before
{Heap before GC invocations=7 (full 0):
 garbage-first heap   total 68608K, used 49443K [0x0000000080000000, 0x0000000100000000)
  region size 1024K, 31 young (31744K), 4 survivors (4096K)
 Metaspace       used 35159K, committed 35584K, reserved 1081344K
  class space    used 4849K, committed 5056K, reserved 1048576K
}
Event: 8.787 GC heap after
{Heap after GC invocations=8 (full 0):
 garbage-first heap   total 82944K, used 23649K [0x0000000080000000, 0x0000000100000000)
  region size 1024K, 4 young (4096K), 4 survivors (4096K)
 Metaspace       used 35159K, committed 35584K, reserved 1081344K
  class space    used 4849K, committed 5056K, reserved 1048576K
}
Event: 8.988 GC heap before
{Heap before GC invocations=8 (full 0):
 garbage-first heap   total 82944K, used 25697K [0x0000000080000000, 0x0000000100000000)
  region size 1024K, 7 young (7168K), 4 survivors (4096K)
 Metaspace       used 35626K, committed 35968K, reserved 1081344K
  class space    used 4873K, committed 5056K, reserved 1048576K
}
Event: 9.002 GC heap after
{Heap after GC invocations=9 (full 0):
 garbage-first heap   total 82944K, used 24088K [0x0000000080000000, 0x0000000100000000)
  region size 1024K, 3 young (3072K), 3 survivors (3072K)
 Metaspace       used 35626K, committed 35968K, reserved 1081344K
  class space    used 4873K, committed 5056K, reserved 1048576K
}
Event: 17.551 GC heap before
{Heap before GC invocations=10 (full 0):
 garbage-first heap   total 82944K, used 56856K [0x0000000080000000, 0x0000000100000000)
  region size 1024K, 36 young (36864K), 3 survivors (3072K)
 Metaspace       used 40640K, committed 40960K, reserved 1089536K
  class space    used 5383K, committed 5504K, reserved 1048576K
}
Event: 17.604 GC heap after
{Heap after GC invocations=11 (full 0):
 garbage-first heap   total 82944K, used 27842K [0x0000000080000000, 0x0000000100000000)
  region size 1024K, 5 young (5120K), 5 survivors (5120K)
 Metaspace       used 40640K, committed 40960K, reserved 1089536K
  class space    used 5383K, committed 5504K, reserved 1048576K
}
Event: 20.066 GC heap before
{Heap before GC invocations=11 (full 0):
 garbage-first heap   total 82944K, used 63682K [0x0000000080000000, 0x0000000100000000)
  region size 1024K, 36 young (36864K), 5 survivors (5120K)
 Metaspace       used 44489K, committed 44928K, reserved 1089536K
  class space    used 5749K, committed 5952K, reserved 1048576K
}
Event: 20.083 GC heap after
{Heap after GC invocations=12 (full 0):
 garbage-first heap   total 82944K, used 30259K [0x0000000080000000, 0x0000000100000000)
  region size 1024K, 3 young (3072K), 3 survivors (3072K)
 Metaspace       used 44489K, committed 44928K, reserved 1089536K
  class space    used 5749K, committed 5952K, reserved 1048576K
}
Event: 22.999 GC heap before
{Heap before GC invocations=12 (full 0):
 garbage-first heap   total 82944K, used 60979K [0x0000000080000000, 0x0000000100000000)
  region size 1024K, 33 young (33792K), 3 survivors (3072K)
 Metaspace       used 48510K, committed 48960K, reserved 1097728K
  class space    used 6442K, committed 6656K, reserved 1048576K
}
Event: 23.009 GC heap after
{Heap after GC invocations=13 (full 0):
 garbage-first heap   total 82944K, used 32004K [0x0000000080000000, 0x0000000100000000)
  region size 1024K, 5 young (5120K), 5 survivors (5120K)
 Metaspace       used 48510K, committed 48960K, reserved 1097728K
  class space    used 6442K, committed 6656K, reserved 1048576K
}

Dll operation events (2 events):
Event: 0.012 Loaded shared library C:\Program Files\APLIKASI KLS 11 PPLG AND GIM\Android Studio\Android Studio\jbr\bin\java.dll
Event: 0.827 Loaded shared library C:\Program Files\APLIKASI KLS 11 PPLG AND GIM\Android Studio\Android Studio\jbr\bin\verify.dll

Deoptimization events (20 events):
Event: 24.124 Thread 0x00000212eb926550 Uncommon trap: trap_request=0xffffffc6 fr.pc=0x00000212da3fa02c relative=0x000000000000026c
Event: 24.124 Thread 0x00000212eb926550 Uncommon trap: reason=bimorphic_or_optimized_type_check action=maybe_recompile pc=0x00000212da3fa02c method=com.google.common.base.CharMatcher.indexIn(Ljava/lang/CharSequence;I)I @ 31 c2
Event: 24.124 Thread 0x00000212eb926550 DEOPT PACKING pc=0x00000212da3fa02c sp=0x000000f7afbf9b10
Event: 24.124 Thread 0x00000212eb926550 DEOPT UNPACKING pc=0x00000212d9d869a3 sp=0x000000f7afbf9ab8 mode 2
Event: 24.155 Thread 0x00000212eb926550 Uncommon trap: trap_request=0xffffffc6 fr.pc=0x00000212da3fa02c relative=0x000000000000026c
Event: 24.155 Thread 0x00000212eb926550 Uncommon trap: reason=bimorphic_or_optimized_type_check action=maybe_recompile pc=0x00000212da3fa02c method=com.google.common.base.CharMatcher.indexIn(Ljava/lang/CharSequence;I)I @ 31 c2
Event: 24.155 Thread 0x00000212eb926550 DEOPT PACKING pc=0x00000212da3fa02c sp=0x000000f7afbf9190
Event: 24.155 Thread 0x00000212eb926550 DEOPT UNPACKING pc=0x00000212d9d869a3 sp=0x000000f7afbf9138 mode 2
Event: 24.186 Thread 0x00000212eb926550 Uncommon trap: trap_request=0xffffff45 fr.pc=0x00000212da44808c relative=0x00000000000001ec
Event: 24.186 Thread 0x00000212eb926550 Uncommon trap: reason=unstable_if action=reinterpret pc=0x00000212da44808c method=java.net.URI$Parser.scan(IILjava/lang/String;)I @ 26 c2
Event: 24.186 Thread 0x00000212eb926550 DEOPT PACKING pc=0x00000212da44808c sp=0x000000f7afbf8690
Event: 24.186 Thread 0x00000212eb926550 DEOPT UNPACKING pc=0x00000212d9d869a3 sp=0x000000f7afbf8620 mode 2
Event: 24.186 Thread 0x00000212eb926550 Uncommon trap: trap_request=0xffffff45 fr.pc=0x00000212da31c2d8 relative=0x0000000000000138
Event: 24.186 Thread 0x00000212eb926550 Uncommon trap: reason=unstable_if action=reinterpret pc=0x00000212da31c2d8 method=java.net.URI.match(CJJ)Z @ 45 c2
Event: 24.186 Thread 0x00000212eb926550 DEOPT PACKING pc=0x00000212da31c2d8 sp=0x000000f7afbf8400
Event: 24.186 Thread 0x00000212eb926550 DEOPT UNPACKING pc=0x00000212d9d869a3 sp=0x000000f7afbf8338 mode 2
Event: 24.186 Thread 0x00000212eb926550 Uncommon trap: trap_request=0xffffff45 fr.pc=0x00000212da2f1e4c relative=0x000000000000004c
Event: 24.186 Thread 0x00000212eb926550 Uncommon trap: reason=unstable_if action=reinterpret pc=0x00000212da2f1e4c method=java.net.URI.match(CJJ)Z @ 19 c2
Event: 24.186 Thread 0x00000212eb926550 DEOPT PACKING pc=0x00000212da2f1e4c sp=0x000000f7afbf8410
Event: 24.186 Thread 0x00000212eb926550 DEOPT UNPACKING pc=0x00000212d9d869a3 sp=0x000000f7afbf83c0 mode 2

Classes unloaded (0 events):
No events

Classes redefined (0 events):
No events

Internal exceptions (20 events):
Event: 18.938 Thread 0x00000212eb926550 Exception <a 'java/lang/NoSuchMethodError'{0x0000000084350900}: 'java.lang.Object java.lang.invoke.DirectMethodHandle$Holder.invokeStatic(java.lang.Object, java.lang.Object, java.lang.Object, java.lang.Object, java.lang.Object, java.lang.Object, java.lang.Object, java.lang.Object, java.lang.Object, java.lang.Object, java.lang.Object, java.lang.Object, java.lang.Object, java.lang.Object, java.lang.Object, java.lang.Object, java.lang.Object)'> (0x0000000084350900) 
thrown [s\src\hotspot\share\interpreter\lin
Event: 18.966 Thread 0x00000212eb926550 Exception <a 'java/lang/NoSuchMethodError'{0x0000000084378278}: 'java.lang.Object java.lang.invoke.DirectMethodHandle$Holder.invokeStatic(java.lang.Object, java.lang.Object, java.lang.Object, java.lang.Object, java.lang.Object, java.lang.Object, java.lang.Object, java.lang.Object, java.lang.Object, java.lang.Object, java.lang.Object, java.lang.Object, java.lang.Object, java.lang.Object, java.lang.Object, java.lang.Object, java.lang.Object, java.lang.Object)'> (0x0000000084378278) 
thrown [s\src\hotspot\sha
Event: 18.973 Thread 0x00000212eb926550 Exception <a 'java/lang/NoSuchMethodError'{0x00000000843a0860}: 'java.lang.Object java.lang.invoke.DirectMethodHandle$Holder.invokeStatic(java.lang.Object, java.lang.Object, java.lang.Object, java.lang.Object, java.lang.Object, java.lang.Object, java.lang.Object, java.lang.Object, java.lang.Object, java.lang.Object, java.lang.Object, java.lang.Object, java.lang.Object, java.lang.Object, java.lang.Object, java.lang.Object, java.lang.Object, java.lang.Object, java.lang.Object)'> (0x00000000843a0860) 
thrown 
Event: 18.988 Thread 0x00000212eb926550 Exception <a 'java/lang/NoSuchMethodError'{0x00000000843c9f20}: 'java.lang.Object java.lang.invoke.DirectMethodHandle$Holder.invokeStatic(java.lang.Object, java.lang.Object, java.lang.Object, java.lang.Object, java.lang.Object, java.lang.Object, java.lang.Object, java.lang.Object, java.lang.Object, java.lang.Object, java.lang.Object, java.lang.Object, java.lang.Object, java.lang.Object, java.lang.Object, java.lang.Object, java.lang.Object, java.lang.Object, java.lang.Object, java.lang.Object)'> (0x00000000
Event: 18.993 Thread 0x00000212eb926550 Exception <a 'java/lang/NoSuchMethodError'{0x00000000843f45e0}: 'java.lang.Object java.lang.invoke.DirectMethodHandle$Holder.invokeStatic(java.lang.Object, java.lang.Object, java.lang.Object, java.lang.Object, java.lang.Object, java.lang.Object, java.lang.Object, java.lang.Object, java.lang.Object, java.lang.Object, java.lang.Object, java.lang.Object, java.lang.Object, java.lang.Object, java.lang.Object, java.lang.Object, java.lang.Object, java.lang.Object, java.lang.Object, java.lang.Object, java.lang.Obj
Event: 19.000 Thread 0x00000212eb926550 Exception <a 'java/lang/NoSuchMethodError'{0x000000008421fb00}: 'java.lang.Object java.lang.invoke.DirectMethodHandle$Holder.invokeStatic(java.lang.Object, java.lang.Object, java.lang.Object, java.lang.Object, java.lang.Object, java.lang.Object, java.lang.Object, java.lang.Object, java.lang.Object, java.lang.Object, java.lang.Object, java.lang.Object, java.lang.Object, java.lang.Object, java.lang.Object, java.lang.Object, java.lang.Object, java.lang.Object, java.lang.Object, java.lang.Object, java.lang.Obj
Event: 19.004 Thread 0x00000212eb926550 Exception <a 'java/lang/NoSuchMethodError'{0x000000008424c5f8}: 'java.lang.Object java.lang.invoke.DirectMethodHandle$Holder.invokeStatic(java.lang.Object, java.lang.Object, java.lang.Object, java.lang.Object, java.lang.Object, java.lang.Object, java.lang.Object, java.lang.Object, java.lang.Object, java.lang.Object, java.lang.Object, java.lang.Object, java.lang.Object, java.lang.Object, java.lang.Object, java.lang.Object, java.lang.Object, java.lang.Object, java.lang.Object, java.lang.Object, java.lang.Obj
Event: 19.054 Thread 0x00000212eb926550 Exception <a 'java/lang/NoSuchMethodError'{0x000000008427a9a8}: 'java.lang.Object java.lang.invoke.DirectMethodHandle$Holder.invokeStatic(java.lang.Object, java.lang.Object, java.lang.Object, java.lang.Object, java.lang.Object, java.lang.Object, java.lang.Object, java.lang.Object, java.lang.Object, java.lang.Object, java.lang.Object, java.lang.Object, java.lang.Object, java.lang.Object, java.lang.Object, java.lang.Object, java.lang.Object, java.lang.Object, java.lang.Object, java.lang.Object, java.lang.Obj
Event: 19.739 Thread 0x00000212eb926550 Exception <a 'java/lang/IncompatibleClassChangeError'{0x00000000836b7a08}: Found class java.lang.Object, but interface was expected> (0x00000000836b7a08) 
thrown [s\src\hotspot\share\interpreter\linkResolver.cpp, line 838]
Event: 20.106 Thread 0x00000212eb926550 Exception <a 'java/lang/IncompatibleClassChangeError'{0x0000000087934ed8}: Found class java.lang.Object, but interface was expected> (0x0000000087934ed8) 
thrown [s\src\hotspot\share\interpreter\linkResolver.cpp, line 838]
Event: 20.183 Thread 0x00000212eb926550 Exception <a 'java/lang/NoSuchMethodError'{0x0000000084fb4558}: 'int java.lang.invoke.DirectMethodHandle$Holder.invokeStaticInit(java.lang.Object, java.lang.Object, java.lang.Object, java.lang.Object, java.lang.Object)'> (0x0000000084fb4558) 
thrown [s\src\hotspot\share\interpreter\linkResolver.cpp, line 771]
Event: 21.006 Thread 0x00000212eb926550 Implicit null exception at 0x00000212da43bdec to 0x00000212da43bea0
Event: 21.524 Thread 0x00000212eb926550 Exception <a 'java/lang/NoSuchMethodError'{0x000000008432d768}: 'void java.lang.invoke.DirectMethodHandle$Holder.invokeInterface(java.lang.Object, java.lang.Object)'> (0x000000008432d768) 
thrown [s\src\hotspot\share\interpreter\linkResolver.cpp, line 771]
Event: 21.526 Thread 0x00000212eb926550 Exception <a 'java/lang/IncompatibleClassChangeError'{0x0000000084338a98}: Found class java.lang.Object, but interface was expected> (0x0000000084338a98) 
thrown [s\src\hotspot\share\interpreter\linkResolver.cpp, line 838]
Event: 21.630 Thread 0x00000212eb926550 Exception <a 'java/lang/NoSuchMethodError'{0x00000000842be670}: 'java.lang.Object java.lang.invoke.DirectMethodHandle$Holder.newInvokeSpecial(java.lang.Object, int, java.lang.Object)'> (0x00000000842be670) 
thrown [s\src\hotspot\share\interpreter\linkResolver.cpp, line 771]
Event: 22.722 Thread 0x00000212eb9243a0 Exception <a 'java/lang/NoSuchMethodError'{0x000000008360d8f0}: static Lorg/gradle/internal/build/event/types/DefaultOperationStartedProgressEvent;.<clinit>()V> (0x000000008360d8f0) 
thrown [s\src\hotspot\share\prims\jni.cpp, line 1108]
Event: 22.723 Thread 0x00000212eb9243a0 Exception <a 'java/lang/NoSuchMethodError'{0x000000008360ef78}: static Lorg/gradle/internal/build/event/types/AbstractProgressEvent;.<clinit>()V> (0x000000008360ef78) 
thrown [s\src\hotspot\share\prims\jni.cpp, line 1108]
Event: 22.728 Thread 0x00000212eb9243a0 Exception <a 'java/lang/NoSuchMethodError'{0x000000008361f8a8}: static Lorg/gradle/internal/build/event/types/DefaultProjectConfigurationDescriptor;.<clinit>()V> (0x000000008361f8a8) 
thrown [s\src\hotspot\share\prims\jni.cpp, line 1108]
Event: 22.729 Thread 0x00000212eb9243a0 Exception <a 'java/lang/NoSuchMethodError'{0x0000000083621e28}: static Lorg/gradle/internal/build/event/types/DefaultOperationDescriptor;.<clinit>()V> (0x0000000083621e28) 
thrown [s\src\hotspot\share\prims\jni.cpp, line 1108]
Event: 22.736 Thread 0x00000212eb9243a0 Exception <a 'java/lang/NoSuchMethodError'{0x0000000083636fd8}: static Lorg/gradle/internal/operations/OperationIdentifier;.<clinit>()V> (0x0000000083636fd8) 
thrown [s\src\hotspot\share\prims\jni.cpp, line 1108]

VM Operations (20 events):
Event: 19.744 Executing VM operation: HandshakeAllThreads
Event: 19.745 Executing VM operation: HandshakeAllThreads done
Event: 19.957 Executing VM operation: HandshakeAllThreads
Event: 19.957 Executing VM operation: HandshakeAllThreads done
Event: 20.066 Executing VM operation: G1CollectForAllocation
Event: 20.083 Executing VM operation: G1CollectForAllocation done
Event: 20.120 Executing VM operation: HandshakeAllThreads
Event: 20.120 Executing VM operation: HandshakeAllThreads done
Event: 20.891 Executing VM operation: HandshakeAllThreads
Event: 20.891 Executing VM operation: HandshakeAllThreads done
Event: 21.894 Executing VM operation: Cleanup
Event: 21.894 Executing VM operation: Cleanup done
Event: 22.530 Executing VM operation: HandshakeAllThreads
Event: 22.530 Executing VM operation: HandshakeAllThreads done
Event: 22.686 Executing VM operation: HandshakeAllThreads
Event: 22.686 Executing VM operation: HandshakeAllThreads done
Event: 22.998 Executing VM operation: G1CollectForAllocation
Event: 23.009 Executing VM operation: G1CollectForAllocation done
Event: 24.009 Executing VM operation: Cleanup
Event: 24.010 Executing VM operation: Cleanup done

Events (20 events):
Event: 24.210 loading class java/io/DeleteOnExitHook$1
Event: 24.211 loading class java/io/DeleteOnExitHook$1 done
Event: 24.302 loading class javax/net/ssl/HostnameVerifier
Event: 24.302 loading class javax/net/ssl/HostnameVerifier done
Event: 24.307 loading class javax/net/ssl/TrustManager
Event: 24.307 loading class javax/net/ssl/TrustManager done
Event: 24.308 loading class javax/net/ssl/X509TrustManager
Event: 24.308 loading class javax/net/ssl/X509TrustManager done
Event: 24.314 loading class javax/net/ssl/SSLException
Event: 24.314 loading class javax/net/ssl/SSLException done
Event: 24.314 loading class javax/net/ssl/SSLPeerUnverifiedException
Event: 24.314 loading class javax/net/ssl/SSLPeerUnverifiedException done
Event: 24.314 loading class javax/naming/NamingException
Event: 24.314 loading class javax/naming/NamingException done
Event: 24.314 loading class javax/naming/InvalidNameException
Event: 24.314 loading class javax/naming/InvalidNameException done
Event: 24.315 loading class java/security/cert/CertificateParsingException
Event: 24.315 loading class java/security/cert/CertificateException
Event: 24.315 loading class java/security/cert/CertificateException done
Event: 24.315 loading class java/security/cert/CertificateParsingException done


Dynamic libraries:
0x00007ff7335f0000 - 0x00007ff7335fa000 	C:\Program Files\APLIKASI KLS 11 PPLG AND GIM\Android Studio\Android Studio\jbr\bin\java.exe
0x00007ffa31d90000 - 0x00007ffa31f88000 	C:\Windows\SYSTEM32\ntdll.dll
0x00007ffa2fde0000 - 0x00007ffa2fea2000 	C:\Windows\System32\KERNEL32.DLL
0x00007ffa2fab0000 - 0x00007ffa2fdaf000 	C:\Windows\System32\KERNELBASE.dll
0x00007ffa2f860000 - 0x00007ffa2f960000 	C:\Windows\System32\ucrtbase.dll
0x00007ffa07930000 - 0x00007ffa07947000 	C:\Program Files\APLIKASI KLS 11 PPLG AND GIM\Android Studio\Android Studio\jbr\bin\jli.dll
0x00007ffa12600000 - 0x00007ffa1261b000 	C:\Program Files\APLIKASI KLS 11 PPLG AND GIM\Android Studio\Android Studio\jbr\bin\VCRUNTIME140.dll
0x00007ffa30740000 - 0x00007ffa308dd000 	C:\Windows\System32\USER32.dll
0x00007ffa2f7c0000 - 0x00007ffa2f7e2000 	C:\Windows\System32\win32u.dll
0x00007ffa305e0000 - 0x00007ffa3060b000 	C:\Windows\System32\GDI32.dll
0x00007ffa19f50000 - 0x00007ffa1a1ea000 	C:\Windows\WinSxS\amd64_microsoft.windows.common-controls_6595b64144ccf1df_6.0.19041.4355_none_60b8b9eb71f62e16\COMCTL32.dll
0x00007ffa2f960000 - 0x00007ffa2fa7a000 	C:\Windows\System32\gdi32full.dll
0x00007ffa2f720000 - 0x00007ffa2f7bd000 	C:\Windows\System32\msvcp_win.dll
0x00007ffa31120000 - 0x00007ffa311be000 	C:\Windows\System32\msvcrt.dll
0x00007ffa2ffe0000 - 0x00007ffa3000f000 	C:\Windows\System32\IMM32.DLL
0x00007ffa24bc0000 - 0x00007ffa24bcc000 	C:\Program Files\APLIKASI KLS 11 PPLG AND GIM\Android Studio\Android Studio\jbr\bin\vcruntime140_1.dll
0x00007ff9ff100000 - 0x00007ff9ff18d000 	C:\Program Files\APLIKASI KLS 11 PPLG AND GIM\Android Studio\Android Studio\jbr\bin\msvcp140.dll
0x00007ff9ade10000 - 0x00007ff9aea7e000 	C:\Program Files\APLIKASI KLS 11 PPLG AND GIM\Android Studio\Android Studio\jbr\bin\server\jvm.dll
0x00007ffa30420000 - 0x00007ffa304cf000 	C:\Windows\System32\ADVAPI32.dll
0x00007ffa312e0000 - 0x00007ffa3137f000 	C:\Windows\System32\sechost.dll
0x00007ffa2feb0000 - 0x00007ffa2ffd3000 	C:\Windows\System32\RPCRT4.dll
0x00007ffa2fa80000 - 0x00007ffa2faa7000 	C:\Windows\System32\bcrypt.dll
0x00007ffa190d0000 - 0x00007ffa190d9000 	C:\Windows\SYSTEM32\WSOCK32.dll
0x00007ffa1d0c0000 - 0x00007ffa1d0ca000 	C:\Windows\SYSTEM32\VERSION.dll
0x00007ffa31c00000 - 0x00007ffa31c6b000 	C:\Windows\System32\WS2_32.dll
0x00007ffa16690000 - 0x00007ffa166b7000 	C:\Windows\SYSTEM32\WINMM.dll
0x00007ffa2dc50000 - 0x00007ffa2dc62000 	C:\Windows\SYSTEM32\kernel.appcore.dll
0x00007ffa17aa0000 - 0x00007ffa17aaa000 	C:\Program Files\APLIKASI KLS 11 PPLG AND GIM\Android Studio\Android Studio\jbr\bin\jimage.dll
0x00007ffa13c20000 - 0x00007ffa13e04000 	C:\Windows\SYSTEM32\DBGHELP.DLL
0x00007ffa13be0000 - 0x00007ffa13c14000 	C:\Windows\SYSTEM32\dbgcore.DLL
0x00007ffa2f690000 - 0x00007ffa2f712000 	C:\Windows\System32\bcryptPrimitives.dll
0x00007ffa12320000 - 0x00007ffa12345000 	C:\Program Files\APLIKASI KLS 11 PPLG AND GIM\Android Studio\Android Studio\jbr\bin\java.dll
0x00007ffa125e0000 - 0x00007ffa125f8000 	C:\Program Files\APLIKASI KLS 11 PPLG AND GIM\Android Studio\Android Studio\jbr\bin\zip.dll
0x00007ffa31430000 - 0x00007ffa31b9d000 	C:\Windows\System32\SHELL32.dll
0x00007ffa2d460000 - 0x00007ffa2dc04000 	C:\Windows\SYSTEM32\windows.storage.dll
0x00007ffa30dc0000 - 0x00007ffa31115000 	C:\Windows\System32\combase.dll
0x00007ffa2ee60000 - 0x00007ffa2ee8b000 	C:\Windows\SYSTEM32\Wldp.dll
0x00007ffa31c80000 - 0x00007ffa31d4d000 	C:\Windows\System32\OLEAUT32.dll
0x00007ffa31380000 - 0x00007ffa3142d000 	C:\Windows\System32\SHCORE.dll
0x00007ffa30090000 - 0x00007ffa300e5000 	C:\Windows\System32\shlwapi.dll
0x00007ffa2f360000 - 0x00007ffa2f385000 	C:\Windows\SYSTEM32\profapi.dll
0x00007ffa12540000 - 0x00007ffa12559000 	C:\Program Files\APLIKASI KLS 11 PPLG AND GIM\Android Studio\Android Studio\jbr\bin\net.dll
0x00007ffa2c550000 - 0x00007ffa2c65a000 	C:\Windows\SYSTEM32\WINHTTP.dll
0x00007ffa2ebc0000 - 0x00007ffa2ec2c000 	C:\Windows\system32\mswsock.dll
0x00007ffa12240000 - 0x00007ffa12256000 	C:\Program Files\APLIKASI KLS 11 PPLG AND GIM\Android Studio\Android Studio\jbr\bin\nio.dll
0x00007ffa12660000 - 0x00007ffa12670000 	C:\Program Files\APLIKASI KLS 11 PPLG AND GIM\Android Studio\Android Studio\jbr\bin\verify.dll
0x00007ffa100f0000 - 0x00007ffa10117000 	C:\Users\Hendra\.gradle\native\68d5fa5c4cc2d200863cafc0d521ce42e7d3e7ee720ec0a83991735586a16f82\windows-amd64\native-platform.dll
0x00007ff9d0c30000 - 0x00007ff9d0d74000 	C:\Users\Hendra\.gradle\native\e376f236ea51e6404a007f0833ffe2c6e607c4080706a723a18a27aeea778392\windows-amd64\native-platform-file-events.dll
0x00007ffa100d0000 - 0x00007ffa100d9000 	C:\Program Files\APLIKASI KLS 11 PPLG AND GIM\Android Studio\Android Studio\jbr\bin\management.dll
0x00007ffa0ca20000 - 0x00007ffa0ca2b000 	C:\Program Files\APLIKASI KLS 11 PPLG AND GIM\Android Studio\Android Studio\jbr\bin\management_ext.dll
0x00007ffa300f0000 - 0x00007ffa300f8000 	C:\Windows\System32\PSAPI.DLL
0x00007ffa2edc0000 - 0x00007ffa2edd8000 	C:\Windows\SYSTEM32\CRYPTSP.dll
0x00007ffa2e470000 - 0x00007ffa2e4a8000 	C:\Windows\system32\rsaenh.dll
0x00007ffa2f320000 - 0x00007ffa2f34e000 	C:\Windows\SYSTEM32\USERENV.dll
0x00007ffa2edb0000 - 0x00007ffa2edbc000 	C:\Windows\SYSTEM32\CRYPTBASE.dll
0x00007ffa2e850000 - 0x00007ffa2e88b000 	C:\Windows\SYSTEM32\IPHLPAPI.DLL
0x00007ffa31c70000 - 0x00007ffa31c78000 	C:\Windows\System32\NSI.dll
0x00007ffa27090000 - 0x00007ffa270a7000 	C:\Windows\SYSTEM32\dhcpcsvc6.DLL
0x00007ffa27b90000 - 0x00007ffa27bad000 	C:\Windows\SYSTEM32\dhcpcsvc.DLL
0x00007ffa2e8a0000 - 0x00007ffa2e96a000 	C:\Windows\SYSTEM32\DNSAPI.dll
0x00007ff9ff890000 - 0x00007ff9ff897000 	C:\Windows\system32\wshunix.dll

dbghelp: loaded successfully - version: 4.0.5 - missing functions: none
symbol engine: initialized successfully - sym options: 0x614 - pdb path: .;C:\Program Files\APLIKASI KLS 11 PPLG AND GIM\Android Studio\Android Studio\jbr\bin;C:\Windows\SYSTEM32;C:\Windows\WinSxS\amd64_microsoft.windows.common-controls_6595b64144ccf1df_6.0.19041.4355_none_60b8b9eb71f62e16;C:\Program Files\APLIKASI KLS 11 PPLG AND GIM\Android Studio\Android Studio\jbr\bin\server;C:\Users\Hendra\.gradle\native\68d5fa5c4cc2d200863cafc0d521ce42e7d3e7ee720ec0a83991735586a16f82\windows-amd64;C:\Users\Hendra\.gradle\native\e376f236ea51e6404a007f0833ffe2c6e607c4080706a723a18a27aeea778392\windows-amd64

VM Arguments:
jvm_args: --add-opens=java.base/java.util=ALL-UNNAMED --add-opens=java.base/java.lang=ALL-UNNAMED --add-opens=java.base/java.lang.invoke=ALL-UNNAMED --add-opens=java.prefs/java.util.prefs=ALL-UNNAMED --add-opens=java.base/java.nio.charset=ALL-UNNAMED --add-opens=java.base/java.net=ALL-UNNAMED --add-opens=java.base/java.util.concurrent.atomic=ALL-UNNAMED -Xmx2048m -Dfile.encoding=UTF-8 -Duser.country=US -Duser.language=en -Duser.variant 
java_command: org.gradle.launcher.daemon.bootstrap.GradleDaemon 8.0
java_class_path (initial): C:\Users\Hendra\.gradle\wrapper\dists\gradle-8.0-bin\ca5e32bp14vu59qr306oxotwh\gradle-8.0\lib\gradle-launcher-8.0.jar
Launcher Type: SUN_STANDARD

[Global flags]
     intx CICompilerCount                          = 3                                         {product} {ergonomic}
     uint ConcGCThreads                            = 1                                         {product} {ergonomic}
     uint G1ConcRefinementThreads                  = 4                                         {product} {ergonomic}
   size_t G1HeapRegionSize                         = 1048576                                   {product} {ergonomic}
    uintx GCDrainStackTargetSize                   = 64                                        {product} {ergonomic}
   size_t InitialHeapSize                          = 127926272                                 {product} {ergonomic}
   size_t MarkStackSize                            = 4194304                                   {product} {ergonomic}
   size_t MaxHeapSize                              = 2147483648                                {product} {command line}
   size_t MaxNewSize                               = 1287651328                                {product} {ergonomic}
   size_t MinHeapDeltaBytes                        = 1048576                                   {product} {ergonomic}
   size_t MinHeapSize                              = 8388608                                   {product} {ergonomic}
    uintx NonNMethodCodeHeapSize                   = 5832780                                {pd product} {ergonomic}
    uintx NonProfiledCodeHeapSize                  = 122912730                              {pd product} {ergonomic}
    uintx ProfiledCodeHeapSize                     = 122912730                              {pd product} {ergonomic}
    uintx ReservedCodeCacheSize                    = 251658240                              {pd product} {ergonomic}
     bool SegmentedCodeCache                       = true                                      {product} {ergonomic}
   size_t SoftMaxHeapSize                          = 2147483648                             {manageable} {ergonomic}
     bool UseCompressedClassPointers               = true                           {product lp64_product} {ergonomic}
     bool UseCompressedOops                        = true                           {product lp64_product} {ergonomic}
     bool UseG1GC                                  = true                                      {product} {ergonomic}
     bool UseLargePagesIndividualAllocation        = false                                  {pd product} {ergonomic}

Logging:
Log output configuration:
 #0: stdout all=warning uptime,level,tags
 #1: stderr all=off uptime,level,tags

Environment Variables:
PATH=C:\Program Files\Common Files\Oracle\Java\javapath;C:\Users\Hendra\AppData\Local\bin\NASM;C:\ProgramData\Oracle\Java\javapath;C:\Windows\system32;C:\Windows;C:\Windows\System32\Wbem;C:\Windows\System32\WindowsPowerShell\v1.0\;C:\Windows\System32\OpenSSH\;C:\Program Files\Microsoft VS Code\bin;C:\xampp\php;C:\FPC\3.2.2\bin\i386-Win32;C:\laragon\bin;C:\laragon\bin\apache\httpd-2.4.54-win64-VS16\bin;C:\laragon\bin\composer;C:\laragon\bin\git\bin;C:\laragon\bin\git\cmd;C:\laragon\bin\git\mingw64\bin;C:\laragon\bin\git\usr\bin;C:\laragon\bin\laragon\utils;C:\laragon\bin\mysql\mysql-8.0.30-winx64\bin;C:\laragon\bin\nginx\nginx-1.22.0;C:\laragon\bin\ngrok;C:\laragon\bin\nodejs\node-v18;C:\laragon\bin\notepad++;C:\laragon\bin\php\php-8.3.13-Win32-vs16-x64;C:\laragon\bin\python\python-3.10;C:\laragon\bin\python\python-3.10\Scripts;C:\laragon\bin\redis\redis-x64-5.0.14.1;C:\laragon\bin\telnet;C:\laragon\usr\bin;C:\Users\Hendra\AppData\Local\Yarn\config\global\node_modules\.bin;C:\Users\Hendra\AppData\Roaming\Composer\vendor\bin;C:\Users\Hendra\AppData\Roaming\npm;C:\Users\Hendra\AppData\Local\Programs\Python\Launcher\;C:\Users\Hendra\AppData\Local\Microsoft\WindowsApps;;D:\PyCharm 2024.3.1\bin;
USERNAME=DTial
OS=Windows_NT
PROCESSOR_IDENTIFIER=Intel64 Family 6 Model 78 Stepping 3, GenuineIntel
TMP=C:\Users\Hendra\AppData\Local\Temp
TEMP=C:\Users\Hendra\AppData\Local\Temp


JNI global refs:
JNI global refs: 23, weak refs: 0

JNI global refs memory usage: 843, weak refs: 841


---------------  S Y S T E M  ---------------

OS:
 Windows 10 , 64 bit Build 19041 (10.0.19041.5438)
OS uptime: 0 days 1:05 hours

CPU: total 4 (initial active 4) (2 cores per cpu, 2 threads per core) family 6 model 78 stepping 3 microcode 0xdc, cx8, cmov, fxsr, ht, mmx, 3dnowpref, sse, sse2, sse3, ssse3, sse4.1, sse4.2, popcnt, lzcnt, tsc, tscinvbit, avx, avx2, aes, erms, clmul, bmi1, bmi2, rtm, adx, fma, vzeroupper, clflush, clflushopt

Memory: 4k page, system-wide physical 7794M (376M free)
TotalPageFile size 9542M (AvailPageFile size 18M)
current process WorkingSet (physical memory assigned to process): 238M, peak: 239M
current process commit charge ("private bytes"): 265M, peak: 266M

vm_info: OpenJDK 64-Bit Server VM (17.0.6+0-b2043.56-10027231) for windows-amd64 JRE (17.0.6+0-b2043.56-10027231), built on Apr 28 2023 00:43:19 by "androidbuild" with MS VC++ 16.10 / 16.11 (VS2019)

END.
